<?xml version="1.0" encoding="UTF-8"?>
<!-- Generated by org.testng.reporters.JUnitReportReporter -->
<testsuite hostname="DESKTOP-O44MIID" failures="0" tests="1" name="com.zohocrm.testscript.LeadModule" time="0.023" errors="0" timestamp="14 Apr 2023 17:55:08 GMT" skipped="0">
  <testcase classname="com.zohocrm.testscript.LeadModule" name="createNewLead" time="0.023"/>
</testsuite> <!-- com.zohocrm.testscript.LeadModule -->
