<?xml version="1.0" encoding="UTF-8"?>
<!-- Generated by org.testng.reporters.JUnitReportReporter -->
<testsuite hostname="DESKTOP-O44MIID" failures="0" tests="1" name="com.zohocrm.testscript.CampaignsModule" time="0.031" errors="0" timestamp="13 Apr 2023 18:21:29 GMT" skipped="0">
  <testcase classname="com.zohocrm.testscript.CampaignsModule" name="createCampaign" time="0.031"/>
</testsuite> <!-- com.zohocrm.testscript.CampaignsModule -->
