<?xml version="1.0" encoding="UTF-8"?>
<!-- Generated by org.testng.reporters.JUnitReportReporter -->
<testsuite hostname="DESKTOP-O44MIID" failures="0" tests="1" name="com.zohocrm.testscript.CampaignsModule" time="0.011" errors="0" timestamp="14 Apr 2023 11:09:04 GMT" skipped="0">
  <testcase classname="com.zohocrm.testscript.CampaignsModule" name="createCampaign" time="0.011"/>
</testsuite> <!-- com.zohocrm.testscript.CampaignsModule -->
